# JRE version: Java(TM) SE Runtime Environment (25.0.2+10) (build 25.0.2+10-LTS-69)
# Java VM: Java HotSpot(TM) 64-Bit Server VM (25.0.2+10-LTS-69, mixed mode, emulated-client, sharing, tiered, compressed oops, compressed class ptrs, g1 gc, windows-amd64)
GC Precious Log:
 CardTable entry size: 512
 Card Set container configuration: InlinePtr #cards 5 size 8 Array Of Cards #cards 10 size 36 Howl #buckets 4 coarsen threshold 1843 Howl Bitmap #cards 512 size 80 coarsen threshold 460 Card regions per heap region 1 cards per card region 2048
 CPUs: 12 total, 12 available
 Memory: 5996M
 Large Page Support: Disabled
 NUMA Support: Disabled
 Compressed Oops: Enabled (32-bit)
 Heap Region Size: 1M
 Heap Min Capacity: 8M
 Heap Initial Capacity: 94M
 Heap Max Capacity: 1500M
 Pre-touch: Disabled
 Parallel Workers: 10
 Concurrent Workers: 3
 Concurrent Refinement Workers: 10
 Periodic GC: Disabled
Heap:
 garbage-first heap   total reserved 1536000K, committed 60416K, used 42160K [0x00000000a2400000, 0x0000000100000000)
  region size 1024K, 24 young (24576K), 4 survivors (4096K)
GC Heap Usage History (16 events):
Event: 1.668 {heap Before GC invocations=0 (full 0):
 garbage-first heap   total reserved 1536000K, committed 98304K, used 50325K [0x00000000a2400000, 0x0000000100000000)
  region size 1024K, 47 young (48128K), 0 survivors (0K)
}
Event: 1.685 {heap After GC invocations=1 (full 0):
 garbage-first heap   total reserved 1536000K, committed 98304K, used 9342K [0x00000000a2400000, 0x0000000100000000)
  region size 1024K, 6 young (6144K), 6 survivors (6144K)
}
Event: 2.598 {heap Before GC invocations=1 (full 0):
 garbage-first heap   total reserved 1536000K, committed 98304K, used 48254K [0x00000000a2400000, 0x0000000100000000)
  region size 1024K, 45 young (46080K), 6 survivors (6144K)
}
Event: 2.604 {heap After GC invocations=2 (full 0):
 garbage-first heap   total reserved 1536000K, committed 98304K, used 13667K [0x00000000a2400000, 0x0000000100000000)
  region size 1024K, 5 young (5120K), 5 survivors (5120K)
}
Event: 2.893 {heap Before GC invocations=2 (full 0):
 garbage-first heap   total reserved 1536000K, committed 98304K, used 26979K [0x00000000a2400000, 0x0000000100000000)
  region size 1024K, 19 young (19456K), 5 survivors (5120K)
}
Event: 2.897 {heap After GC invocations=3 (full 0):
 garbage-first heap   total reserved 1536000K, committed 98304K, used 14909K [0x00000000a2400000, 0x0000000100000000)
  region size 1024K, 2 young (2048K), 2 survivors (2048K)
}
Event: 3.749 {heap Before GC invocations=4 (full 0):
 garbage-first heap   total reserved 1536000K, committed 55296K, used 53821K [0x00000000a2400000, 0x0000000100000000)
  region size 1024K, 40 young (40960K), 2 survivors (2048K)
}
Event: 3.755 {heap After GC invocations=5 (full 0):
 garbage-first heap   total reserved 1536000K, committed 60416K, used 18050K [0x00000000a2400000, 0x0000000100000000)
  region size 1024K, 5 young (5120K), 5 survivors (5120K)
}
Event: 4.429 {heap Before GC invocations=5 (full 0):
 garbage-first heap   total reserved 1536000K, committed 60416K, used 44674K [0x00000000a2400000, 0x0000000100000000)
  region size 1024K, 31 young (31744K), 5 survivors (5120K)
}
Event: 4.435 {heap After GC invocations=6 (full 0):
 garbage-first heap   total reserved 1536000K, committed 60416K, used 19767K [0x00000000a2400000, 0x0000000100000000)
  region size 1024K, 2 young (2048K), 2 survivors (2048K)
}
Event: 4.932 {heap Before GC invocations=6 (full 0):
 garbage-first heap   total reserved 1536000K, committed 60416K, used 36151K [0x00000000a2400000, 0x0000000100000000)
  region size 1024K, 20 young (20480K), 2 survivors (2048K)
}
Event: 4.935 {heap After GC invocations=7 (full 0):
 garbage-first heap   total reserved 1536000K, committed 60416K, used 20608K [0x00000000a2400000, 0x0000000100000000)
  region size 1024K, 3 young (3072K), 3 survivors (3072K)
}
Event: 6.342 {heap Before GC invocations=8 (full 0):
 garbage-first heap   total reserved 1536000K, committed 60416K, used 47232K [0x00000000a2400000, 0x0000000100000000)
  region size 1024K, 30 young (30720K), 3 survivors (3072K)
}
Event: 6.345 {heap After GC invocations=9 (full 0):
 garbage-first heap   total reserved 1536000K, committed 60416K, used 22791K [0x00000000a2400000, 0x0000000100000000)
  region size 1024K, 4 young (4096K), 4 survivors (4096K)
}
Event: 7.350 {heap Before GC invocations=9 (full 0):
 garbage-first heap   total reserved 1536000K, committed 60416K, used 48391K [0x00000000a2400000, 0x0000000100000000)
  region size 1024K, 30 young (30720K), 4 survivors (4096K)
}
Event: 7.353 {heap After GC invocations=10 (full 0):
 garbage-first heap   total reserved 1536000K, committed 60416K, used 23728K [0x00000000a2400000, 0x0000000100000000)
  region size 1024K, 4 young (4096K), 4 survivors (4096K)
}

